build/app/intermediates/manifest_merge_blame_file/debug/manifest-merger-blame-debug-report.txt
1<?xml version="1.0" encoding="utf-8"?>
2<manifest xmlns:android="http://schemas.android.com/apk/res/android"
3    package="com.inspia.hungryroo"
4    android:versionCode="1"
5    android:versionName="1.0.0" >
6
7    <uses-sdk
8        android:minSdkVersion="21"
9        android:targetSdkVersion="28" />
10    <!--
11         Flutter needs it to communicate with the running application
12         to allow setting breakpoints, to provide hot reload, etc.
13    -->
14    <uses-permission android:name="android.permission.INTERNET" />
14-->src/debug/AndroidManifest.xml:6:5-66
14-->src/debug/AndroidManifest.xml:6:22-64
15    <!--
16     io.flutter.app.FlutterApplication is an android.app.Application that
17         calls FlutterMain.startInitialization(this); in its onCreate method.
18         In most cases you can leave this as-is, but you if you want to provide
19         additional functionality it is fine to subclass or reimplement
20         FlutterApplication and put your custom class here.
21    -->
22    <uses-permission android:name="android.permission.ACCESS_FINE_LOCATION" />
22-->src/main/AndroidManifest.xml:8:5-79
22-->src/main/AndroidManifest.xml:8:22-76
23    <uses-permission android:name="android.permission.ACCESS_COARSE_LOCATION" />
23-->src/main/AndroidManifest.xml:9:5-81
23-->src/main/AndroidManifest.xml:9:22-78
24    <uses-permission android:name="android.permission.READ_EXTERNAL_STORAGE" />
24-->[:image_picker] AndroidManifest.xml:7:5-80
24-->[:image_picker] AndroidManifest.xml:7:22-77
25    <uses-permission android:name="android.permission.WRITE_EXTERNAL_STORAGE" /> <!-- Include required permissions for Google Maps API to run. -->
25-->[:image_picker] AndroidManifest.xml:8:5-81
25-->[:image_picker] AndroidManifest.xml:8:22-78
26    <uses-permission android:name="android.permission.ACCESS_NETWORK_STATE" />
26-->[com.google.android.gms:play-services-maps:17.0.0] AndroidManifest.xml:23:5-79
26-->[com.google.android.gms:play-services-maps:17.0.0] AndroidManifest.xml:23:22-76
27
28    <uses-feature
28-->[com.google.android.gms:play-services-maps:17.0.0] AndroidManifest.xml:26:5-28:35
29        android:glEsVersion="0x00020000"
29-->[com.google.android.gms:play-services-maps:17.0.0] AndroidManifest.xml:27:9-41
30        android:required="true" />
30-->[com.google.android.gms:play-services-maps:17.0.0] AndroidManifest.xml:28:9-32
31
32    <uses-permission android:name="android.permission.WAKE_LOCK" /> <!-- Required by older versions of Google Play services to create IID tokens -->
32-->[com.google.android.gms:play-services-measurement-api:17.4.1] AndroidManifest.xml:24:5-68
32-->[com.google.android.gms:play-services-measurement-api:17.4.1] AndroidManifest.xml:24:22-65
33    <uses-permission android:name="com.google.android.c2dm.permission.RECEIVE" />
33-->[com.google.firebase:firebase-iid:20.2.3] AndroidManifest.xml:26:5-82
33-->[com.google.firebase:firebase-iid:20.2.3] AndroidManifest.xml:26:22-79
34    <uses-permission android:name="com.google.android.finsky.permission.BIND_GET_INSTALL_REFERRER_SERVICE" />
34-->[com.google.android.gms:play-services-measurement:17.4.1] AndroidManifest.xml:26:5-110
34-->[com.google.android.gms:play-services-measurement:17.4.1] AndroidManifest.xml:26:22-107
35
36    <application
36-->src/main/AndroidManifest.xml:10:5-54:19
37        android:name="io.flutter.app.FlutterApplication"
37-->src/main/AndroidManifest.xml:11:9-57
38        android:appComponentFactory="androidx.core.app.CoreComponentFactory"
38-->[androidx.core:core:1.2.0] AndroidManifest.xml:24:18-86
39        android:debuggable="true"
40        android:icon="@mipmap/ic_launcher"
40-->src/main/AndroidManifest.xml:13:9-43
41        android:label="hungryroo" >
41-->src/main/AndroidManifest.xml:12:9-34
42        <meta-data
42-->src/main/AndroidManifest.xml:14:9-15:70
43            android:name="com.google.android.geo.API_KEY"
43-->src/main/AndroidManifest.xml:14:20-65
44            android:value="AIzaSyDFROxygt5bkejoKr1smzi02M9sBYECtXI" />
44-->src/main/AndroidManifest.xml:15:13-68
45
46        <activity
46-->src/main/AndroidManifest.xml:16:9-48:20
47            android:name="com.inspia.hungryroo.MainActivity"
47-->src/main/AndroidManifest.xml:17:13-41
48            android:configChanges="orientation|keyboardHidden|keyboard|screenSize|smallestScreenSize|locale|layoutDirection|fontScale|screenLayout|density|uiMode"
48-->src/main/AndroidManifest.xml:20:13-163
49            android:hardwareAccelerated="true"
49-->src/main/AndroidManifest.xml:21:13-47
50            android:launchMode="singleTop"
50-->src/main/AndroidManifest.xml:18:13-43
51            android:theme="@style/LaunchTheme"
51-->src/main/AndroidManifest.xml:19:13-47
52            android:windowSoftInputMode="adjustResize" >
52-->src/main/AndroidManifest.xml:22:13-55
53            <intent-filter>
53-->src/main/AndroidManifest.xml:23:13-26:29
54                <action android:name="FLUTTER_NOTIFICATION_CLICK" />
54-->src/main/AndroidManifest.xml:24:17-69
54-->src/main/AndroidManifest.xml:24:25-66
55
56                <category android:name="android.intent.category.DEFAULT" />
56-->src/main/AndroidManifest.xml:25:17-76
56-->src/main/AndroidManifest.xml:25:27-73
57            </intent-filter>
58            <!--
59                 Specifies an Android theme to apply to this Activity as soon as
60                 the Android process has started. This theme is visible to the user
61                 while the Flutter UI initializes. After that, this theme continues
62                 to determine the Window background behind the Flutter UI.
63            -->
64            <meta-data
64-->src/main/AndroidManifest.xml:31:13-34:17
65                android:name="io.flutter.embedding.android.NormalTheme"
65-->src/main/AndroidManifest.xml:32:15-70
66                android:resource="@style/NormalTheme" />
66-->src/main/AndroidManifest.xml:33:15-52
67            <!--
68                 Displays an Android View that continues showing the launch screen
69                 Drawable until Flutter paints its first frame, then this splash
70                 screen fades out. A splash screen is useful to avoid any visual
71                 gap between the end of Android's launch screen and the painting of
72                 Flutter's first frame.
73            -->
74            <meta-data
74-->src/main/AndroidManifest.xml:40:13-43:17
75                android:name="io.flutter.embedding.android.SplashScreenDrawable"
75-->src/main/AndroidManifest.xml:41:15-79
76                android:resource="@drawable/launch_background" />
76-->src/main/AndroidManifest.xml:42:15-61
77
78            <intent-filter>
78-->src/main/AndroidManifest.xml:44:13-47:29
79                <action android:name="android.intent.action.MAIN" />
79-->src/main/AndroidManifest.xml:45:17-68
79-->src/main/AndroidManifest.xml:45:25-66
80
81                <category android:name="android.intent.category.LAUNCHER" />
81-->src/main/AndroidManifest.xml:46:17-76
81-->src/main/AndroidManifest.xml:46:27-74
82            </intent-filter>
83        </activity>
84        <!--
85             Don't delete the meta-data below.
86             This is used by the Flutter tool to generate GeneratedPluginRegistrant.java
87        -->
88        <meta-data
88-->src/main/AndroidManifest.xml:51:9-53:33
89            android:name="flutterEmbedding"
89-->src/main/AndroidManifest.xml:52:13-44
90            android:value="2" />
90-->src/main/AndroidManifest.xml:53:13-30
91
92        <provider
92-->[:image_picker] AndroidManifest.xml:11:9-19:20
93            android:name="io.flutter.plugins.imagepicker.ImagePickerFileProvider"
93-->[:image_picker] AndroidManifest.xml:12:13-82
94            android:authorities="com.inspia.hungryroo.flutter.image_provider"
94-->[:image_picker] AndroidManifest.xml:13:13-74
95            android:exported="false"
95-->[:image_picker] AndroidManifest.xml:14:13-37
96            android:grantUriPermissions="true" >
96-->[:image_picker] AndroidManifest.xml:15:13-47
97            <meta-data
97-->[:image_picker] AndroidManifest.xml:16:13-18:75
98                android:name="android.support.FILE_PROVIDER_PATHS"
98-->[:image_picker] AndroidManifest.xml:17:17-67
99                android:resource="@xml/flutter_image_picker_file_paths" />
99-->[:image_picker] AndroidManifest.xml:18:17-72
100        </provider>
101
102        <service android:name="io.flutter.plugins.firebasemessaging.FlutterFirebaseMessagingService" >
102-->[:firebase_messaging] AndroidManifest.xml:8:9-12:19
102-->[:firebase_messaging] AndroidManifest.xml:8:18-101
103            <intent-filter>
103-->[:firebase_messaging] AndroidManifest.xml:9:13-11:29
104                <action android:name="com.google.firebase.MESSAGING_EVENT" />
104-->[:firebase_messaging] AndroidManifest.xml:10:17-78
104-->[:firebase_messaging] AndroidManifest.xml:10:25-75
105            </intent-filter>
106        </service>
107        <service
107-->[:firebase_messaging] AndroidManifest.xml:13:9-17:19
108            android:name="com.google.firebase.components.ComponentDiscoveryService"
108-->[:firebase_messaging] AndroidManifest.xml:13:18-89
109            android:directBootAware="true"
109-->[com.google.firebase:firebase-common:19.3.0] AndroidManifest.xml:34:13-43
110            android:exported="false" >
110-->[com.google.firebase:firebase-messaging:20.2.4] AndroidManifest.xml:38:13-37
111            <meta-data
111-->[:firebase_messaging] AndroidManifest.xml:14:13-16:85
112                android:name="com.google.firebase.components:io.flutter.plugins.firebasemessaging.FlutterFirebaseAppRegistrar"
112-->[:firebase_messaging] AndroidManifest.xml:15:17-127
113                android:value="com.google.firebase.components.ComponentRegistrar" />
113-->[:firebase_messaging] AndroidManifest.xml:16:17-82
114            <meta-data
114-->[:cloud_firestore] AndroidManifest.xml:9:13-11:85
115                android:name="com.google.firebase.components:io.flutter.plugins.firebase.firestore.FlutterFirebaseFirestoreRegistrar"
115-->[:cloud_firestore] AndroidManifest.xml:10:17-134
116                android:value="com.google.firebase.components.ComponentRegistrar" />
116-->[:cloud_firestore] AndroidManifest.xml:11:17-82
117            <meta-data
117-->[:firebase_auth] AndroidManifest.xml:9:13-11:85
118                android:name="com.google.firebase.components:io.flutter.plugins.firebase.auth.FlutterFirebaseAuthRegistrar"
118-->[:firebase_auth] AndroidManifest.xml:10:17-124
119                android:value="com.google.firebase.components.ComponentRegistrar" />
119-->[:firebase_auth] AndroidManifest.xml:11:17-82
120            <meta-data
120-->[:firebase_core] AndroidManifest.xml:9:13-11:85
121                android:name="com.google.firebase.components:io.flutter.plugins.firebase.core.FlutterFirebaseCoreRegistrar"
121-->[:firebase_core] AndroidManifest.xml:10:17-124
122                android:value="com.google.firebase.components.ComponentRegistrar" />
122-->[:firebase_core] AndroidManifest.xml:11:17-82
123            <meta-data
123-->[com.google.firebase:firebase-messaging:20.2.4] AndroidManifest.xml:39:13-41:85
124                android:name="com.google.firebase.components:com.google.firebase.messaging.FirebaseMessagingRegistrar"
124-->[com.google.firebase:firebase-messaging:20.2.4] AndroidManifest.xml:40:17-119
125                android:value="com.google.firebase.components.ComponentRegistrar" />
125-->[com.google.firebase:firebase-messaging:20.2.4] AndroidManifest.xml:41:17-82
126            <meta-data
126-->[com.google.android.gms:play-services-measurement-api:17.4.1] AndroidManifest.xml:30:13-32:85
127                android:name="com.google.firebase.components:com.google.firebase.analytics.connector.internal.AnalyticsConnectorRegistrar"
127-->[com.google.android.gms:play-services-measurement-api:17.4.1] AndroidManifest.xml:31:17-139
128                android:value="com.google.firebase.components.ComponentRegistrar" />
128-->[com.google.android.gms:play-services-measurement-api:17.4.1] AndroidManifest.xml:32:17-82
129            <meta-data
129-->[com.google.firebase:firebase-iid:20.2.3] AndroidManifest.xml:32:13-34:85
130                android:name="com.google.firebase.components:com.google.firebase.iid.Registrar"
130-->[com.google.firebase:firebase-iid:20.2.3] AndroidManifest.xml:33:17-96
131                android:value="com.google.firebase.components.ComponentRegistrar" />
131-->[com.google.firebase:firebase-iid:20.2.3] AndroidManifest.xml:34:17-82
132            <meta-data
132-->[com.google.firebase:firebase-auth:19.3.1] AndroidManifest.xml:36:13-38:85
133                android:name="com.google.firebase.components:com.google.firebase.auth.FirebaseAuthRegistrar"
133-->[com.google.firebase:firebase-auth:19.3.1] AndroidManifest.xml:37:17-109
134                android:value="com.google.firebase.components.ComponentRegistrar" />
134-->[com.google.firebase:firebase-auth:19.3.1] AndroidManifest.xml:38:17-82
135            <meta-data
135-->[com.google.firebase:firebase-firestore:21.4.3] AndroidManifest.xml:20:13-22:85
136                android:name="com.google.firebase.components:com.google.firebase.firestore.FirestoreRegistrar"
136-->[com.google.firebase:firebase-firestore:21.4.3] AndroidManifest.xml:21:17-111
137                android:value="com.google.firebase.components.ComponentRegistrar" />
137-->[com.google.firebase:firebase-firestore:21.4.3] AndroidManifest.xml:22:17-82
138            <meta-data
138-->[com.google.firebase:firebase-datatransport:17.0.3] AndroidManifest.xml:28:13-30:85
139                android:name="com.google.firebase.components:com.google.firebase.datatransport.TransportRegistrar"
139-->[com.google.firebase:firebase-datatransport:17.0.3] AndroidManifest.xml:29:17-115
140                android:value="com.google.firebase.components.ComponentRegistrar" />
140-->[com.google.firebase:firebase-datatransport:17.0.3] AndroidManifest.xml:30:17-82
141            <meta-data
141-->[com.google.firebase:firebase-installations:16.3.3] AndroidManifest.xml:17:13-19:85
142                android:name="com.google.firebase.components:com.google.firebase.installations.FirebaseInstallationsRegistrar"
142-->[com.google.firebase:firebase-installations:16.3.3] AndroidManifest.xml:18:17-127
143                android:value="com.google.firebase.components.ComponentRegistrar" />
143-->[com.google.firebase:firebase-installations:16.3.3] AndroidManifest.xml:19:17-82
144        </service>
145        <!--
146             FirebaseMessagingService performs security checks at runtime,
147             but set to not exported to explicitly avoid allowing another app to call it.
148        -->
149        <service
149-->[com.google.firebase:firebase-messaging:20.2.4] AndroidManifest.xml:28:9-35:19
150            android:name="com.google.firebase.messaging.FirebaseMessagingService"
150-->[com.google.firebase:firebase-messaging:20.2.4] AndroidManifest.xml:29:13-82
151            android:directBootAware="true"
151-->[com.google.firebase:firebase-messaging:20.2.4] AndroidManifest.xml:30:13-43
152            android:exported="false" >
152-->[com.google.firebase:firebase-messaging:20.2.4] AndroidManifest.xml:31:13-37
153            <intent-filter android:priority="-500" >
153-->[:firebase_messaging] AndroidManifest.xml:9:13-11:29
154                <action android:name="com.google.firebase.MESSAGING_EVENT" />
154-->[:firebase_messaging] AndroidManifest.xml:10:17-78
154-->[:firebase_messaging] AndroidManifest.xml:10:25-75
155            </intent-filter>
156        </service> <!-- Needs to be explicitly declared on P+ -->
157        <uses-library
157-->[com.google.android.gms:play-services-maps:17.0.0] AndroidManifest.xml:33:9-35:40
158            android:name="org.apache.http.legacy"
158-->[com.google.android.gms:play-services-maps:17.0.0] AndroidManifest.xml:34:13-50
159            android:required="false" />
159-->[com.google.android.gms:play-services-maps:17.0.0] AndroidManifest.xml:35:13-37
160
161        <receiver
161-->[com.google.firebase:firebase-iid:20.2.3] AndroidManifest.xml:37:9-44:20
162            android:name="com.google.firebase.iid.FirebaseInstanceIdReceiver"
162-->[com.google.firebase:firebase-iid:20.2.3] AndroidManifest.xml:38:13-78
163            android:exported="true"
163-->[com.google.firebase:firebase-iid:20.2.3] AndroidManifest.xml:39:13-36
164            android:permission="com.google.android.c2dm.permission.SEND" >
164-->[com.google.firebase:firebase-iid:20.2.3] AndroidManifest.xml:40:13-73
165            <intent-filter>
165-->[com.google.firebase:firebase-iid:20.2.3] AndroidManifest.xml:41:13-43:29
166                <action android:name="com.google.android.c2dm.intent.RECEIVE" />
166-->[com.google.firebase:firebase-iid:20.2.3] AndroidManifest.xml:42:17-81
166-->[com.google.firebase:firebase-iid:20.2.3] AndroidManifest.xml:42:25-78
167            </intent-filter>
168        </receiver>
169
170        <activity
170-->[com.google.firebase:firebase-auth:19.3.1] AndroidManifest.xml:24:9-31:50
171            android:name="com.google.firebase.auth.internal.FederatedSignInActivity"
171-->[com.google.firebase:firebase-auth:19.3.1] AndroidManifest.xml:25:13-85
172            android:excludeFromRecents="true"
172-->[com.google.firebase:firebase-auth:19.3.1] AndroidManifest.xml:26:13-46
173            android:exported="true"
173-->[com.google.firebase:firebase-auth:19.3.1] AndroidManifest.xml:27:13-36
174            android:launchMode="singleTask"
174-->[com.google.firebase:firebase-auth:19.3.1] AndroidManifest.xml:28:13-44
175            android:permission="com.google.firebase.auth.api.gms.permission.LAUNCH_FEDERATED_SIGN_IN"
175-->[com.google.firebase:firebase-auth:19.3.1] AndroidManifest.xml:29:13-102
176            android:theme="@android:style/Theme.Translucent.NoTitleBar" />
176-->[com.google.firebase:firebase-auth:19.3.1] AndroidManifest.xml:30:13-72
177        <activity
177-->[com.google.android.gms:play-services-base:17.2.1] AndroidManifest.xml:23:9-26:75
178            android:name="com.google.android.gms.common.api.GoogleApiActivity"
178-->[com.google.android.gms:play-services-base:17.2.1] AndroidManifest.xml:24:13-79
179            android:exported="false"
179-->[com.google.android.gms:play-services-base:17.2.1] AndroidManifest.xml:25:13-37
180            android:theme="@android:style/Theme.Translucent.NoTitleBar" />
180-->[com.google.android.gms:play-services-base:17.2.1] AndroidManifest.xml:26:13-72
181
182        <receiver
182-->[com.google.android.gms:play-services-measurement:17.4.1] AndroidManifest.xml:29:9-33:20
183            android:name="com.google.android.gms.measurement.AppMeasurementReceiver"
183-->[com.google.android.gms:play-services-measurement:17.4.1] AndroidManifest.xml:30:13-85
184            android:enabled="true"
184-->[com.google.android.gms:play-services-measurement:17.4.1] AndroidManifest.xml:31:13-35
185            android:exported="false" >
185-->[com.google.android.gms:play-services-measurement:17.4.1] AndroidManifest.xml:32:13-37
186        </receiver>
187
188        <service
188-->[com.google.android.gms:play-services-measurement:17.4.1] AndroidManifest.xml:35:9-38:40
189            android:name="com.google.android.gms.measurement.AppMeasurementService"
189-->[com.google.android.gms:play-services-measurement:17.4.1] AndroidManifest.xml:36:13-84
190            android:enabled="true"
190-->[com.google.android.gms:play-services-measurement:17.4.1] AndroidManifest.xml:37:13-35
191            android:exported="false" />
191-->[com.google.android.gms:play-services-measurement:17.4.1] AndroidManifest.xml:38:13-37
192        <service
192-->[com.google.android.gms:play-services-measurement:17.4.1] AndroidManifest.xml:39:9-43:72
193            android:name="com.google.android.gms.measurement.AppMeasurementJobService"
193-->[com.google.android.gms:play-services-measurement:17.4.1] AndroidManifest.xml:40:13-87
194            android:enabled="true"
194-->[com.google.android.gms:play-services-measurement:17.4.1] AndroidManifest.xml:41:13-35
195            android:exported="false"
195-->[com.google.android.gms:play-services-measurement:17.4.1] AndroidManifest.xml:42:13-37
196            android:permission="android.permission.BIND_JOB_SERVICE" />
196-->[com.google.android.gms:play-services-measurement:17.4.1] AndroidManifest.xml:43:13-69
197
198        <provider
198-->[com.google.firebase:firebase-common:19.3.0] AndroidManifest.xml:26:9-30:39
199            android:name="com.google.firebase.provider.FirebaseInitProvider"
199-->[com.google.firebase:firebase-common:19.3.0] AndroidManifest.xml:27:13-77
200            android:authorities="com.inspia.hungryroo.firebaseinitprovider"
200-->[com.google.firebase:firebase-common:19.3.0] AndroidManifest.xml:28:13-72
201            android:exported="false"
201-->[com.google.firebase:firebase-common:19.3.0] AndroidManifest.xml:29:13-37
202            android:initOrder="100" />
202-->[com.google.firebase:firebase-common:19.3.0] AndroidManifest.xml:30:13-36
203
204        <meta-data
204-->[com.google.android.gms:play-services-basement:17.2.1] AndroidManifest.xml:23:9-25:69
205            android:name="com.google.android.gms.version"
205-->[com.google.android.gms:play-services-basement:17.2.1] AndroidManifest.xml:24:13-58
206            android:value="@integer/google_play_services_version" />
206-->[com.google.android.gms:play-services-basement:17.2.1] AndroidManifest.xml:25:13-66
207
208        <service
208-->[com.google.android.datatransport:transport-backend-cct:2.2.0] AndroidManifest.xml:29:9-35:19
209            android:name="com.google.android.datatransport.runtime.backends.TransportBackendDiscovery"
209-->[com.google.android.datatransport:transport-backend-cct:2.2.0] AndroidManifest.xml:30:13-103
210            android:exported="false" >
210-->[com.google.android.datatransport:transport-backend-cct:2.2.0] AndroidManifest.xml:31:13-37
211            <meta-data
211-->[com.google.android.datatransport:transport-backend-cct:2.2.0] AndroidManifest.xml:32:13-34:39
212                android:name="backend:com.google.android.datatransport.cct.CctBackendFactory"
212-->[com.google.android.datatransport:transport-backend-cct:2.2.0] AndroidManifest.xml:33:17-94
213                android:value="cct" />
213-->[com.google.android.datatransport:transport-backend-cct:2.2.0] AndroidManifest.xml:34:17-36
214        </service>
215        <service
215-->[com.google.android.datatransport:transport-runtime:2.2.0] AndroidManifest.xml:26:9-30:19
216            android:name="com.google.android.datatransport.runtime.scheduling.jobscheduling.JobInfoSchedulerService"
216-->[com.google.android.datatransport:transport-runtime:2.2.0] AndroidManifest.xml:27:13-117
217            android:exported="false"
217-->[com.google.android.datatransport:transport-runtime:2.2.0] AndroidManifest.xml:28:13-37
218            android:permission="android.permission.BIND_JOB_SERVICE" >
218-->[com.google.android.datatransport:transport-runtime:2.2.0] AndroidManifest.xml:29:13-69
219        </service>
220
221        <receiver
221-->[com.google.android.datatransport:transport-runtime:2.2.0] AndroidManifest.xml:32:9-34:40
222            android:name="com.google.android.datatransport.runtime.scheduling.jobscheduling.AlarmManagerSchedulerBroadcastReceiver"
222-->[com.google.android.datatransport:transport-runtime:2.2.0] AndroidManifest.xml:33:13-132
223            android:exported="false" />
223-->[com.google.android.datatransport:transport-runtime:2.2.0] AndroidManifest.xml:34:13-37
224    </application>
225
226</manifest>